# JRE version: OpenJDK Runtime Environment JBR-21.0.3+13-509.11-jcef (21.0.3+13) (build 21.0.3+13-b509.11)
# Java VM: OpenJDK 64-Bit Server VM JBR-21.0.3+13-509.11-jcef (21.0.3+13-b509.11, mixed mode, tiered, compressed oops, compressed class ptrs, g1 gc, windows-amd64)
GC Precious Log:
 CardTable entry size: 512
 Card Set container configuration: InlinePtr #cards 5 size 8 Array Of Cards #cards 12 size 40 Howl #buckets 4 coarsen threshold 1843 Howl Bitmap #cards 512 size 80 coarsen threshold 460 Card regions per heap region 1 cards per card region 2048
 CPUs: 4 total, 4 available
 Memory: 5939M
 Large Page Support: Disabled
 NUMA Support: Disabled
 Compressed Oops: Enabled (32-bit)
 Heap Region Size: 1M
 Heap Min Capacity: 256M
 Heap Initial Capacity: 256M
 Heap Max Capacity: 750M
 Pre-touch: Disabled
 Parallel Workers: 4
 Concurrent Workers: 1
 Concurrent Refinement Workers: 4
 Periodic GC: Disabled
Heap:
 garbage-first heap   total 408576K, used 340992K [0x00000000d1200000, 0x0000000100000000)
  region size 1024K, 67 young (68608K), 9 survivors (9216K)
 Metaspace       used 44567K, committed 44928K, reserved 1114112K
  class space    used 4723K, committed 4928K, reserved 1048576K
GC Heap History (20 events):
Event: 4.263 GC heap before
{Heap before GC invocations=6 (full 0):
 garbage-first heap   total 262144K, used 124627K [0x00000000d1200000, 0x0000000100000000)
  region size 1024K, 101 young (103424K), 5 survivors (5120K)
 Metaspace       used 40830K, committed 41280K, reserved 1114112K
  class space    used 4408K, committed 4608K, reserved 1048576K
}
Event: 4.333 GC heap after
{Heap after GC invocations=7 (full 0):
 garbage-first heap   total 262144K, used 56292K [0x00000000d1200000, 0x0000000100000000)
  region size 1024K, 13 young (13312K), 13 survivors (13312K)
 Metaspace       used 40830K, committed 41280K, reserved 1114112K
  class space    used 4408K, committed 4608K, reserved 1048576K
}
Event: 4.345 GC heap before
{Heap before GC invocations=7 (full 0):
 garbage-first heap   total 262144K, used 57316K [0x00000000d1200000, 0x0000000100000000)
  region size 1024K, 14 young (14336K), 13 survivors (13312K)
 Metaspace       used 40830K, committed 41280K, reserved 1114112K
  class space    used 4408K, committed 4608K, reserved 1048576K
}
Event: 4.377 GC heap after
{Heap after GC invocations=8 (full 0):
 garbage-first heap   total 262144K, used 59392K [0x00000000d1200000, 0x0000000100000000)
  region size 1024K, 2 young (2048K), 2 survivors (2048K)
 Metaspace       used 40830K, committed 41280K, reserved 1114112K
  class space    used 4408K, committed 4608K, reserved 1048576K
}
Event: 5.033 GC heap before
{Heap before GC invocations=8 (full 0):
 garbage-first heap   total 262144K, used 124928K [0x00000000d1200000, 0x0000000100000000)
  region size 1024K, 66 young (67584K), 2 survivors (2048K)
 Metaspace       used 41055K, committed 41472K, reserved 1114112K
  class space    used 4411K, committed 4608K, reserved 1048576K
}
Event: 5.082 GC heap after
{Heap after GC invocations=9 (full 0):
 garbage-first heap   total 262144K, used 86016K [0x00000000d1200000, 0x0000000100000000)
  region size 1024K, 9 young (9216K), 9 survivors (9216K)
 Metaspace       used 41055K, committed 41472K, reserved 1114112K
  class space    used 4411K, committed 4608K, reserved 1048576K
}
Event: 5.652 GC heap before
{Heap before GC invocations=9 (full 0):
 garbage-first heap   total 262144K, used 121856K [0x00000000d1200000, 0x0000000100000000)
  region size 1024K, 44 young (45056K), 9 survivors (9216K)
 Metaspace       used 41104K, committed 41472K, reserved 1114112K
  class space    used 4411K, committed 4608K, reserved 1048576K
}
Event: 5.699 GC heap after
{Heap after GC invocations=10 (full 0):
 garbage-first heap   total 262144K, used 102912K [0x00000000d1200000, 0x0000000100000000)
  region size 1024K, 6 young (6144K), 6 survivors (6144K)
 Metaspace       used 41104K, committed 41472K, reserved 1114112K
  class space    used 4411K, committed 4608K, reserved 1048576K
}
Event: 6.550 GC heap before
{Heap before GC invocations=10 (full 0):
 garbage-first heap   total 262144K, used 181760K [0x00000000d1200000, 0x0000000100000000)
  region size 1024K, 83 young (84992K), 6 survivors (6144K)
 Metaspace       used 41148K, committed 41536K, reserved 1114112K
  class space    used 4411K, committed 4608K, reserved 1048576K
}
Event: 6.627 GC heap after
{Heap after GC invocations=11 (full 0):
 garbage-first heap   total 262144K, used 138752K [0x00000000d1200000, 0x0000000100000000)
  region size 1024K, 11 young (11264K), 11 survivors (11264K)
 Metaspace       used 41148K, committed 41536K, reserved 1114112K
  class space    used 4411K, committed 4608K, reserved 1048576K
}
Event: 7.160 GC heap before
{Heap before GC invocations=11 (full 0):
 garbage-first heap   total 262144K, used 199168K [0x00000000d1200000, 0x0000000100000000)
  region size 1024K, 70 young (71680K), 11 survivors (11264K)
 Metaspace       used 41165K, committed 41536K, reserved 1114112K
  class space    used 4411K, committed 4608K, reserved 1048576K
}
Event: 7.445 GC heap after
{Heap after GC invocations=12 (full 0):
 garbage-first heap   total 408576K, used 166400K [0x00000000d1200000, 0x0000000100000000)
  region size 1024K, 9 young (9216K), 9 survivors (9216K)
 Metaspace       used 41165K, committed 41536K, reserved 1114112K
  class space    used 4411K, committed 4608K, reserved 1048576K
}
Event: 7.617 GC heap before
{Heap before GC invocations=12 (full 0):
 garbage-first heap   total 408576K, used 186880K [0x00000000d1200000, 0x0000000100000000)
  region size 1024K, 29 young (29696K), 9 survivors (9216K)
 Metaspace       used 41166K, committed 41536K, reserved 1114112K
  class space    used 4411K, committed 4608K, reserved 1048576K
}
Event: 7.639 GC heap after
{Heap after GC invocations=13 (full 0):
 garbage-first heap   total 408576K, used 176640K [0x00000000d1200000, 0x0000000100000000)
  region size 1024K, 4 young (4096K), 4 survivors (4096K)
 Metaspace       used 41166K, committed 41536K, reserved 1114112K
  class space    used 4411K, committed 4608K, reserved 1048576K
}
Event: 8.484 GC heap before
{Heap before GC invocations=14 (full 0):
 garbage-first heap   total 408576K, used 244224K [0x00000000d1200000, 0x0000000100000000)
  region size 1024K, 71 young (72704K), 4 survivors (4096K)
 Metaspace       used 42755K, committed 43200K, reserved 1114112K
  class space    used 4600K, committed 4800K, reserved 1048576K
}
Event: 8.524 GC heap after
{Heap after GC invocations=15 (full 0):
 garbage-first heap   total 408576K, used 203776K [0x00000000d1200000, 0x0000000100000000)
  region size 1024K, 9 young (9216K), 9 survivors (9216K)
 Metaspace       used 42755K, committed 43200K, reserved 1114112K
  class space    used 4600K, committed 4800K, reserved 1048576K
}
Event: 9.641 GC heap before
{Heap before GC invocations=15 (full 0):
 garbage-first heap   total 408576K, used 278528K [0x00000000d1200000, 0x0000000100000000)
  region size 1024K, 82 young (83968K), 9 survivors (9216K)
 Metaspace       used 44041K, committed 44416K, reserved 1114112K
  class space    used 4676K, committed 4864K, reserved 1048576K
}
Event: 9.713 GC heap after
{Heap after GC invocations=16 (full 0):
 garbage-first heap   total 408576K, used 243712K [0x00000000d1200000, 0x0000000100000000)
  region size 1024K, 11 young (11264K), 11 survivors (11264K)
 Metaspace       used 44041K, committed 44416K, reserved 1114112K
  class space    used 4676K, committed 4864K, reserved 1048576K
}
Event: 11.335 GC heap before
{Heap before GC invocations=16 (full 0):
 garbage-first heap   total 408576K, used 322560K [0x00000000d1200000, 0x0000000100000000)
  region size 1024K, 88 young (90112K), 11 survivors (11264K)
 Metaspace       used 44534K, committed 44928K, reserved 1114112K
  class space    used 4723K, committed 4928K, reserved 1048576K
}
Event: 11.411 GC heap after
{Heap after GC invocations=17 (full 0):
 garbage-first heap   total 408576K, used 281600K [0x00000000d1200000, 0x0000000100000000)
  region size 1024K, 11 young (11264K), 11 survivors (11264K)
 Metaspace       used 44534K, committed 44928K, reserved 1114112K
  class space    used 4723K, committed 4928K, reserved 1048576K
}

